<?xml version="1.0"?>
<!DOCTYPE coverage SYSTEM "http://cobertura.sourceforge.net/xml/coverage-04.dtd">

<coverage line-rate="0.962478184991274" branch-rate="0.8314606741573034" lines-covered="1103" lines-valid="1146" branches-covered="518" branches-valid="623" complexity="1.9371069182389937" version="1.9.2" timestamp="1269769576593">
	<sources>
		<source>--source</source>
		<source>C:/data/development/IntelliJ/lambdaj/src/main/java</source>
	</sources>
	<packages>
		<package name="ch.lambdaj" line-rate="0.9927536231884058" branch-rate="0.9230769230769231" complexity="1.4375">
			<classes>
				<class name="ch.lambdaj.Lambda" filename="ch/lambdaj/Lambda.java" line-rate="0.9927536231884058" branch-rate="0.9230769230769231" complexity="1.4375">
					<methods>
						<method name="&lt;clinit&gt;" signature="()V" line-rate="1.0" branch-rate="1.0">
							<lines>
								<line number="462" hits="1" branch="false"/>
								<line number="463" hits="1" branch="false"/>
								<line number="464" hits="1" branch="false"/>
								<line number="465" hits="1" branch="false"/>
							</lines>
						</method>
						<method name="&lt;init&gt;" signature="()V" line-rate="0.0" branch-rate="1.0">
							<lines>
								<line number="32" hits="0" branch="false"/>
							</lines>
						</method>
						<method name="aggregate" signature="(Ljava/lang/Object;Lch/lambdaj/function/aggregate/Aggregator;)Ljava/lang/Object;" line-rate="1.0" branch-rate="1.0">
							<lines>
								<line number="477" hits="59" branch="false"/>
							</lines>
						</method>
						<method name="aggregate" signature="(Ljava/lang/Object;Lch/lambdaj/function/aggregate/Aggregator;Ljava/lang/Object;)Ljava/lang/Object;" line-rate="1.0" branch-rate="1.0">
							<lines>
								<line number="492" hits="4" branch="false"/>
							</lines>
						</method>
						<method name="aggregateFrom" signature="(Ljava/lang/Iterable;Lch/lambdaj/function/aggregate/Aggregator;)Ljava/lang/Object;" line-rate="1.0" branch-rate="1.0">
							<lines>
								<line number="508" hits="10" branch="false"/>
							</lines>
						</method>
						<method name="aggregateFrom" signature="(Ljava/lang/Iterable;Ljava/lang/Class;Lch/lambdaj/function/aggregate/Aggregator;)Ljava/lang/Object;" line-rate="1.0" branch-rate="1.0">
							<lines>
								<line number="525" hits="14" branch="false"/>
							</lines>
						</method>
						<method name="argument" signature="(Ljava/lang/Object;)Lch/lambdaj/function/argument/Argument;" line-rate="1.0" branch-rate="1.0">
							<lines>
								<line number="49" hits="5" branch="false"/>
							</lines>
						</method>
						<method name="as" signature="(Ljava/lang/Object;)Lch/lambdaj/function/convert/Converter;" line-rate="1.0" branch-rate="1.0">
							<lines>
								<line number="1028" hits="1" branch="false"/>
							</lines>
						</method>
						<method name="as" signature="(Ljava/lang/String;Ljava/lang/Object;)Lch/lambdaj/function/convert/Converter;" line-rate="1.0" branch-rate="1.0">
							<lines>
								<line number="1038" hits="1" branch="false"/>
							</lines>
						</method>
						<method name="closure" signature="()Lch/lambdaj/function/closure/Closure;" line-rate="1.0" branch-rate="1.0">
							<lines>
								<line number="1111" hits="26" branch="false"/>
							</lines>
						</method>
						<method name="closure" signature="(Ljava/lang/Class;)Lch/lambdaj/function/closure/Closure1;" line-rate="1.0" branch-rate="1.0">
							<lines>
								<line number="1120" hits="13" branch="false"/>
							</lines>
						</method>
						<method name="closure" signature="(Ljava/lang/Class;Ljava/lang/Class;)Lch/lambdaj/function/closure/Closure2;" line-rate="1.0" branch-rate="1.0">
							<lines>
								<line number="1130" hits="6" branch="false"/>
							</lines>
						</method>
						<method name="closure" signature="(Ljava/lang/Class;Ljava/lang/Class;Ljava/lang/Class;)Lch/lambdaj/function/closure/Closure3;" line-rate="1.0" branch-rate="1.0">
							<lines>
								<line number="1141" hits="2" branch="false"/>
							</lines>
						</method>
						<method name="closure" signature="(Ljava/lang/Class;Ljava/lang/Class;Ljava/lang/Class;Ljava/lang/Class;)Lch/lambdaj/function/closure/Closure4;" line-rate="1.0" branch-rate="1.0">
							<lines>
								<line number="1153" hits="4" branch="false"/>
							</lines>
						</method>
						<method name="collect" signature="(Ljava/lang/Object;)Ljava/util/List;" line-rate="1.0" branch-rate="0.6666666666666666">
							<lines>
								<line number="171" hits="4" branch="false"/>
								<line number="172" hits="4" branch="false"/>
								<line number="173" hits="36" branch="true" condition-coverage="100% (2/2)">
									<conditions>
										<condition number="0" type="jump" coverage="100%"/>
									</conditions>
								</line>
								<line number="174" hits="32" branch="false"/>
								<line number="175" hits="32" branch="true" condition-coverage="50% (1/2)">
									<conditions>
										<condition number="0" type="jump" coverage="50%"/>
									</conditions>
								</line>
								<line number="176" hits="32" branch="true" condition-coverage="50% (1/2)">
									<conditions>
										<condition number="0" type="jump" coverage="50%"/>
									</conditions>
								</line>
								<line number="177" hits="32" branch="false"/>
								<line number="178" hits="32" branch="false"/>
								<line number="179" hits="4" branch="false"/>
							</lines>
						</method>
						<method name="collect" signature="(Ljava/lang/Object;Ljava/lang/Object;)Ljava/util/List;" line-rate="1.0" branch-rate="1.0">
							<lines>
								<line number="199" hits="3" branch="false"/>
							</lines>
						</method>
						<method name="convert" signature="(Ljava/lang/Object;Lch/lambdaj/function/convert/Converter;)Ljava/util/List;" line-rate="1.0" branch-rate="1.0">
							<lines>
								<line number="874" hits="14" branch="false"/>
								<line number="875" hits="14" branch="true" condition-coverage="100% (2/2)">
									<conditions>
										<condition number="0" type="jump" coverage="100%"/>
									</conditions>
								</line>
								<line number="876" hits="13" branch="false"/>
							</lines>
						</method>
						<method name="convertIterator" signature="(Ljava/lang/Object;Lch/lambdaj/function/convert/Converter;)Ljava/util/Iterator;" line-rate="1.0" branch-rate="1.0">
							<lines>
								<line number="888" hits="25" branch="false"/>
							</lines>
						</method>
						<method name="convertMap" signature="(Ljava/util/Map;Lch/lambdaj/function/convert/Converter;)Ljava/util/Map;" line-rate="1.0" branch-rate="1.0">
							<lines>
								<line number="899" hits="1" branch="false"/>
								<line number="900" hits="1" branch="true" condition-coverage="100% (2/2)">
									<conditions>
										<condition number="0" type="jump" coverage="100%"/>
									</conditions>
								</line>
								<line number="901" hits="1" branch="false"/>
							</lines>
						</method>
						<method name="convertMap" signature="(Ljava/util/Map;Ljava/lang/Object;)Ljava/util/Map;" line-rate="1.0" branch-rate="1.0">
							<lines>
								<line number="912" hits="1" branch="false"/>
							</lines>
						</method>
						<method name="count" signature="(Ljava/lang/Object;)Ljava/util/Map;" line-rate="1.0" branch-rate="1.0">
							<lines>
								<line number="242" hits="1" branch="false"/>
								<line number="243" hits="1" branch="true" condition-coverage="100% (2/2)">
									<conditions>
										<condition number="0" type="jump" coverage="100%"/>
									</conditions>
								</line>
								<line number="244" hits="6" branch="false"/>
								<line number="245" hits="6" branch="false"/>
								<line number="246" hits="6" branch="true" condition-coverage="100% (2/2)">
									<conditions>
										<condition number="0" type="jump" coverage="100%"/>
									</conditions>
								</line>
								<line number="247" hits="6" branch="false"/>
								<line number="248" hits="1" branch="false"/>
							</lines>
						</method>
						<method name="count" signature="(Ljava/lang/Object;Ljava/lang/Object;)Ljava/util/Map;" line-rate="1.0" branch-rate="1.0">
							<lines>
								<line number="260" hits="1" branch="false"/>
							</lines>
						</method>
						<method name="delayedClosure" signature="(Lch/lambdaj/function/closure/DelayedClosure;)Lch/lambdaj/function/closure/ClosureResult;" line-rate="1.0" branch-rate="1.0">
							<lines>
								<line number="1162" hits="2" branch="false"/>
							</lines>
						</method>
						<method name="extract" signature="(Ljava/lang/Object;Ljava/lang/Object;)Ljava/util/List;" line-rate="1.0" branch-rate="1.0">
							<lines>
								<line number="924" hits="5" branch="false"/>
							</lines>
						</method>
						<method name="extractIterator" signature="(Ljava/lang/Object;Ljava/lang/Object;)Ljava/util/Iterator;" line-rate="1.0" branch-rate="1.0">
							<lines>
								<line number="938" hits="1" branch="false"/>
							</lines>
						</method>
						<method name="extractProperty" signature="(Ljava/lang/Object;Ljava/lang/String;)Ljava/util/List;" line-rate="1.0" branch-rate="1.0">
							<lines>
								<line number="961" hits="1" branch="false"/>
							</lines>
						</method>
						<method name="extractString" signature="(Ljava/lang/Object;)Ljava/util/List;" line-rate="1.0" branch-rate="1.0">
							<lines>
								<line number="949" hits="1" branch="false"/>
							</lines>
						</method>
						<method name="filter" signature="(Lorg/hamcrest/Matcher;Ljava/lang/Iterable;)Ljava/util/List;" line-rate="1.0" branch-rate="1.0">
							<lines>
								<line number="274" hits="3" branch="false"/>
							</lines>
						</method>
						<method name="filter" signature="(Lorg/hamcrest/Matcher;[Ljava/lang/Object;)Ljava/util/List;" line-rate="1.0" branch-rate="1.0">
							<lines>
								<line number="284" hits="2" branch="false"/>
							</lines>
						</method>
						<method name="flatten" signature="(Ljava/lang/Object;)Ljava/util/List;" line-rate="1.0" branch-rate="1.0">
							<lines>
								<line number="159" hits="2" branch="false"/>
							</lines>
						</method>
						<method name="forEach" signature="(Ljava/lang/Class;[Ljava/lang/Object;)Ljava/lang/Object;" line-rate="1.0" branch-rate="1.0">
							<lines>
								<line number="144" hits="3" branch="false"/>
							</lines>
						</method>
						<method name="forEach" signature="(Ljava/lang/Iterable;)Ljava/lang/Object;" line-rate="1.0" branch-rate="1.0">
							<lines>
								<line number="67" hits="13" branch="false"/>
								<line number="68" hits="13" branch="true" condition-coverage="100% (2/2)">
									<conditions>
										<condition number="0" type="jump" coverage="100%"/>
									</conditions>
								</line>
								<line number="69" hits="2" branch="false"/>
								<line number="70" hits="11" branch="false"/>
							</lines>
						</method>
						<method name="forEach" signature="(Ljava/lang/Iterable;Ljava/lang/Class;)Ljava/lang/Object;" line-rate="1.0" branch-rate="1.0">
							<lines>
								<line number="106" hits="5" branch="false"/>
							</lines>
						</method>
						<method name="forEach" signature="(Ljava/util/Iterator;)Ljava/lang/Object;" line-rate="1.0" branch-rate="1.0">
							<lines>
								<line number="84" hits="3" branch="true" condition-coverage="100% (2/2)">
									<conditions>
										<condition number="0" type="jump" coverage="100%"/>
									</conditions>
								</line>
								<line number="85" hits="1" branch="false"/>
								<line number="86" hits="2" branch="false"/>
								<line number="87" hits="2" branch="false"/>
							</lines>
						</method>
						<method name="forEach" signature="(Ljava/util/Iterator;Ljava/lang/Class;)Ljava/lang/Object;" line-rate="1.0" branch-rate="1.0">
							<lines>
								<line number="121" hits="1" branch="false"/>
							</lines>
						</method>
						<method name="forEach" signature="([Ljava/lang/Object;)Ljava/lang/Object;" line-rate="1.0" branch-rate="1.0">
							<lines>
								<line number="132" hits="3" branch="false"/>
							</lines>
						</method>
						<method name="getSumAggregator" signature="(Ljava/lang/Object;)Lch/lambdaj/function/aggregate/Aggregator;" line-rate="1.0" branch-rate="1.0">
							<lines>
								<line number="456" hits="12" branch="true" condition-coverage="100% (2/2)">
									<conditions>
										<condition number="0" type="jump" coverage="100%"/>
									</conditions>
								</line>
								<line number="457" hits="4" branch="true" condition-coverage="100% (2/2)">
									<conditions>
										<condition number="0" type="jump" coverage="100%"/>
									</conditions>
								</line>
								<line number="458" hits="2" branch="true" condition-coverage="100% (2/2)">
									<conditions>
										<condition number="0" type="jump" coverage="100%"/>
									</conditions>
								</line>
								<line number="459" hits="1" branch="false"/>
							</lines>
						</method>
						<method name="having" signature="(Ljava/lang/Boolean;)Lch/lambdaj/function/matcher/HasArgumentWithValue;" line-rate="1.0" branch-rate="1.0">
							<lines>
								<line number="1051" hits="8" branch="false"/>
							</lines>
						</method>
						<method name="having" signature="(Ljava/lang/Object;Lorg/hamcrest/Matcher;)Lch/lambdaj/function/matcher/HasArgumentWithValue;" line-rate="1.0" branch-rate="1.0">
							<lines>
								<line number="1062" hits="23" branch="false"/>
							</lines>
						</method>
						<method name="index" signature="(Ljava/lang/Object;Ljava/lang/Object;)Ljava/util/Map;" line-rate="1.0" branch-rate="1.0">
							<lines>
								<line number="991" hits="3" branch="false"/>
							</lines>
						</method>
						<method name="join" signature="(Ljava/lang/Object;)Ljava/lang/String;" line-rate="1.0" branch-rate="1.0">
							<lines>
								<line number="846" hits="13" branch="false"/>
							</lines>
						</method>
						<method name="join" signature="(Ljava/lang/Object;Ljava/lang/String;)Ljava/lang/String;" line-rate="1.0" branch-rate="1.0">
							<lines>
								<line number="858" hits="19" branch="true" condition-coverage="100% (4/4)">
									<conditions>
										<condition number="0" type="jump" coverage="100%"/>
										<condition number="1" type="jump" coverage="100%"/>
									</conditions>
								</line>
							</lines>
						</method>
						<method name="joinFrom" signature="(Ljava/lang/Iterable;)Ljava/lang/Object;" line-rate="1.0" branch-rate="1.0">
							<lines>
								<line number="765" hits="2" branch="false"/>
							</lines>
						</method>
						<method name="joinFrom" signature="(Ljava/lang/Iterable;Ljava/lang/Class;)Ljava/lang/Object;" line-rate="1.0" branch-rate="1.0">
							<lines>
								<line number="811" hits="1" branch="false"/>
							</lines>
						</method>
						<method name="joinFrom" signature="(Ljava/lang/Iterable;Ljava/lang/Class;Ljava/lang/String;)Ljava/lang/Object;" line-rate="1.0" branch-rate="1.0">
							<lines>
								<line number="835" hits="1" branch="false"/>
							</lines>
						</method>
						<method name="joinFrom" signature="(Ljava/lang/Iterable;Ljava/lang/String;)Ljava/lang/Object;" line-rate="1.0" branch-rate="1.0">
							<lines>
								<line number="788" hits="1" branch="false"/>
							</lines>
						</method>
						<method name="map" signature="(Ljava/lang/Object;Lch/lambdaj/function/convert/Converter;)Ljava/util/Map;" line-rate="1.0" branch-rate="1.0">
							<lines>
								<line number="973" hits="3" branch="false"/>
								<line number="974" hits="3" branch="false"/>
								<line number="975" hits="29" branch="true" condition-coverage="100% (2/2)">
									<conditions>
										<condition number="0" type="jump" coverage="100%"/>
									</conditions>
								</line>
								<line number="976" hits="26" branch="false"/>
								<line number="977" hits="26" branch="false"/>
								<line number="978" hits="26" branch="false"/>
								<line number="979" hits="3" branch="false"/>
							</lines>
						</method>
						<method name="max" signature="(Ljava/lang/Object;)Ljava/lang/Object;" line-rate="1.0" branch-rate="1.0">
							<lines>
								<line number="683" hits="3" branch="false"/>
							</lines>
						</method>
						<method name="max" signature="(Ljava/lang/Object;Ljava/lang/Object;)Ljava/lang/Object;" line-rate="1.0" branch-rate="1.0">
							<lines>
								<line number="696" hits="2" branch="false"/>
							</lines>
						</method>
						<method name="maxFrom" signature="(Ljava/lang/Iterable;)Ljava/lang/Object;" line-rate="1.0" branch-rate="1.0">
							<lines>
								<line number="719" hits="2" branch="false"/>
							</lines>
						</method>
						<method name="maxFrom" signature="(Ljava/lang/Iterable;Ljava/lang/Class;)Ljava/lang/Object;" line-rate="1.0" branch-rate="1.0">
							<lines>
								<line number="741" hits="1" branch="false"/>
							</lines>
						</method>
						<method name="min" signature="(Ljava/lang/Object;)Ljava/lang/Object;" line-rate="1.0" branch-rate="1.0">
							<lines>
								<line number="611" hits="3" branch="false"/>
							</lines>
						</method>
						<method name="min" signature="(Ljava/lang/Object;Ljava/lang/Object;)Ljava/lang/Object;" line-rate="1.0" branch-rate="1.0">
							<lines>
								<line number="624" hits="2" branch="false"/>
							</lines>
						</method>
						<method name="minFrom" signature="(Ljava/lang/Iterable;)Ljava/lang/Object;" line-rate="1.0" branch-rate="1.0">
							<lines>
								<line number="647" hits="1" branch="false"/>
							</lines>
						</method>
						<method name="minFrom" signature="(Ljava/lang/Iterable;Ljava/lang/Class;)Ljava/lang/Object;" line-rate="1.0" branch-rate="1.0">
							<lines>
								<line number="669" hits="1" branch="false"/>
							</lines>
						</method>
						<method name="of" signature="(Ljava/lang/Class;)Ljava/lang/Object;" line-rate="1.0" branch-rate="1.0">
							<lines>
								<line number="1084" hits="3" branch="false"/>
							</lines>
						</method>
						<method name="of" signature="(Ljava/lang/Object;)Ljava/lang/Object;" line-rate="1.0" branch-rate="1.0">
							<lines>
								<line number="1075" hits="27" branch="false"/>
							</lines>
						</method>
						<method name="of" signature="(Ljava/lang/Object;Ljava/lang/Class;)Ljava/lang/Object;" line-rate="1.0" branch-rate="1.0">
							<lines>
								<line number="1094" hits="28" branch="false"/>
							</lines>
						</method>
						<method name="on" signature="(Ljava/lang/Class;)Ljava/lang/Object;" line-rate="1.0" branch-rate="1.0">
							<lines>
								<line number="40" hits="98" branch="false"/>
							</lines>
						</method>
						<method name="project" signature="(Ljava/lang/Object;Ljava/lang/Class;[Ljava/lang/Object;)Ljava/util/List;" line-rate="1.0" branch-rate="1.0">
							<lines>
								<line number="1006" hits="3" branch="false"/>
							</lines>
						</method>
						<method name="project" signature="(Ljava/lang/Object;[Lch/lambdaj/function/convert/Converter;)Ljava/util/List;" line-rate="1.0" branch-rate="1.0">
							<lines>
								<line number="1018" hits="1" branch="false"/>
							</lines>
						</method>
						<method name="select" signature="(Ljava/lang/Iterable;Lorg/hamcrest/Matcher;)Ljava/util/List;" line-rate="1.0" branch-rate="1.0">
							<lines>
								<line number="309" hits="19" branch="false"/>
							</lines>
						</method>
						<method name="select" signature="(Ljava/lang/Object;Lorg/hamcrest/Matcher;)Ljava/util/List;" line-rate="1.0" branch-rate="1.0">
							<lines>
								<line number="321" hits="3" branch="false"/>
							</lines>
						</method>
						<method name="select" signature="(Ljava/util/Iterator;Lorg/hamcrest/Matcher;)Ljava/util/List;" line-rate="1.0" branch-rate="1.0">
							<lines>
								<line number="294" hits="22" branch="false"/>
								<line number="295" hits="368" branch="true" condition-coverage="100% (2/2)">
									<conditions>
										<condition number="0" type="jump" coverage="100%"/>
									</conditions>
								</line>
								<line number="296" hits="346" branch="false"/>
								<line number="297" hits="346" branch="true" condition-coverage="100% (2/2)">
									<conditions>
										<condition number="0" type="jump" coverage="100%"/>
									</conditions>
								</line>
								<line number="298" hits="346" branch="false"/>
								<line number="299" hits="22" branch="false"/>
							</lines>
						</method>
						<method name="selectDistinct" signature="(Ljava/lang/Iterable;)Ljava/util/Collection;" line-rate="1.0" branch-rate="1.0">
							<lines>
								<line number="378" hits="1" branch="false"/>
							</lines>
						</method>
						<method name="selectDistinct" signature="(Ljava/lang/Object;)Ljava/util/Collection;" line-rate="1.0" branch-rate="1.0">
							<lines>
								<line number="388" hits="1" branch="false"/>
							</lines>
						</method>
						<method name="selectDistinct" signature="(Ljava/lang/Object;Ljava/lang/String;)Ljava/util/Collection;" line-rate="1.0" branch-rate="1.0">
							<lines>
								<line number="399" hits="1" branch="false"/>
							</lines>
						</method>
						<method name="selectDistinct" signature="(Ljava/lang/Object;Ljava/util/Comparator;)Ljava/util/Collection;" line-rate="1.0" branch-rate="1.0">
							<lines>
								<line number="422" hits="5" branch="true" condition-coverage="100% (2/2)">
									<conditions>
										<condition number="0" type="jump" coverage="100%"/>
									</conditions>
								</line>
								<line number="423" hits="5" branch="true" condition-coverage="100% (2/2)">
									<conditions>
										<condition number="0" type="jump" coverage="100%"/>
									</conditions>
								</line>
								<line number="424" hits="5" branch="false"/>
							</lines>
						</method>
						<method name="selectDistinctArgument" signature="(Ljava/lang/Object;Ljava/lang/Object;)Ljava/util/Collection;" line-rate="1.0" branch-rate="1.0">
							<lines>
								<line number="410" hits="1" branch="false"/>
							</lines>
						</method>
						<method name="selectFirst" signature="(Ljava/lang/Object;Lorg/hamcrest/Matcher;)Ljava/lang/Object;" line-rate="1.0" branch-rate="1.0">
							<lines>
								<line number="364" hits="3" branch="false"/>
								<line number="365" hits="9" branch="true" condition-coverage="100% (2/2)">
									<conditions>
										<condition number="0" type="jump" coverage="100%"/>
									</conditions>
								</line>
								<line number="366" hits="8" branch="false"/>
								<line number="367" hits="8" branch="true" condition-coverage="100% (2/2)">
									<conditions>
										<condition number="0" type="jump" coverage="100%"/>
									</conditions>
								</line>
								<line number="368" hits="6" branch="false"/>
								<line number="369" hits="1" branch="false"/>
							</lines>
						</method>
						<method name="selectIterator" signature="(Ljava/lang/Object;Lorg/hamcrest/Matcher;)Ljava/util/Iterator;" line-rate="1.0" branch-rate="1.0">
							<lines>
								<line number="335" hits="1" branch="false"/>
							</lines>
						</method>
						<method name="selectMax" signature="(Ljava/lang/Object;Ljava/lang/Object;)Ljava/lang/Object;" line-rate="1.0" branch-rate="1.0">
							<lines>
								<line number="448" hits="4" branch="false"/>
							</lines>
						</method>
						<method name="selectMin" signature="(Ljava/lang/Object;Ljava/lang/Object;)Ljava/lang/Object;" line-rate="1.0" branch-rate="1.0">
							<lines>
								<line number="436" hits="4" branch="false"/>
							</lines>
						</method>
						<method name="selectUnique" signature="(Ljava/lang/Object;Lorg/hamcrest/Matcher;)Ljava/lang/Object;" line-rate="1.0" branch-rate="1.0">
							<lines>
								<line number="348" hits="6" branch="false"/>
								<line number="349" hits="6" branch="true" condition-coverage="100% (2/2)">
									<conditions>
										<condition number="0" type="jump" coverage="100%"/>
									</conditions>
								</line>
								<line number="350" hits="4" branch="false"/>
								<line number="351" hits="4" branch="true" condition-coverage="100% (2/2)">
									<conditions>
										<condition number="0" type="jump" coverage="100%"/>
									</conditions>
								</line>
								<line number="352" hits="3" branch="false"/>
							</lines>
						</method>
						<method name="sort" signature="(Ljava/lang/Object;Ljava/lang/Object;)Ljava/util/List;" line-rate="1.0" branch-rate="1.0">
							<lines>
								<line number="215" hits="3" branch="false"/>
							</lines>
						</method>
						<method name="sort" signature="(Ljava/lang/Object;Ljava/lang/Object;Ljava/util/Comparator;)Ljava/util/List;" line-rate="1.0" branch-rate="1.0">
							<lines>
								<line number="228" hits="4" branch="false"/>
								<line number="229" hits="4" branch="true" condition-coverage="100% (2/2)">
									<conditions>
										<condition number="0" type="jump" coverage="100%"/>
									</conditions>
								</line>
								<line number="230" hits="4" branch="false"/>
								<line number="231" hits="4" branch="false"/>
							</lines>
						</method>
						<method name="sum" signature="(Ljava/lang/Object;)Ljava/lang/Number;" line-rate="1.0" branch-rate="0.5">
							<lines>
								<line number="539" hits="12" branch="true" condition-coverage="50% (1/2)">
									<conditions>
										<condition number="0" type="jump" coverage="50%"/>
									</conditions>
								</line>
								<line number="540" hits="12" branch="false"/>
								<line number="541" hits="12" branch="true" condition-coverage="50% (1/2)">
									<conditions>
										<condition number="0" type="jump" coverage="50%"/>
									</conditions>
								</line>
							</lines>
						</method>
						<method name="sum" signature="(Ljava/lang/Object;Ljava/lang/Object;)Ljava/lang/Object;" line-rate="1.0" branch-rate="1.0">
							<lines>
								<line number="554" hits="6" branch="false"/>
							</lines>
						</method>
						<method name="sumFrom" signature="(Ljava/lang/Iterable;)Ljava/lang/Object;" line-rate="1.0" branch-rate="1.0">
							<lines>
								<line number="576" hits="4" branch="false"/>
							</lines>
						</method>
						<method name="sumFrom" signature="(Ljava/lang/Iterable;Ljava/lang/Class;)Ljava/lang/Object;" line-rate="1.0" branch-rate="1.0">
							<lines>
								<line number="597" hits="1" branch="false"/>
							</lines>
						</method>
						<method name="var" signature="(Ljava/lang/Class;)Ljava/lang/Object;" line-rate="1.0" branch-rate="1.0">
							<lines>
								<line number="1103" hits="78" branch="false"/>
							</lines>
						</method>
					</methods>
					<lines>
						<line number="32" hits="0" branch="false"/>
						<line number="40" hits="98" branch="false"/>
						<line number="49" hits="5" branch="false"/>
						<line number="67" hits="13" branch="false"/>
						<line number="68" hits="13" branch="true" condition-coverage="100% (2/2)">
							<conditions>
								<condition number="0" type="jump" coverage="100%"/>
							</conditions>
						</line>
						<line number="69" hits="2" branch="false"/>
						<line number="70" hits="11" branch="false"/>
						<line number="84" hits="3" branch="true" condition-coverage="100% (2/2)">
							<conditions>
								<condition number="0" type="jump" coverage="100%"/>
							</conditions>
						</line>
						<line number="85" hits="1" branch="false"/>
						<line number="86" hits="2" branch="false"/>
						<line number="87" hits="2" branch="false"/>
						<line number="106" hits="5" branch="false"/>
						<line number="121" hits="1" branch="false"/>
						<line number="132" hits="3" branch="false"/>
						<line number="144" hits="3" branch="false"/>
						<line number="159" hits="2" branch="false"/>
						<line number="171" hits="4" branch="false"/>
						<line number="172" hits="4" branch="false"/>
						<line number="173" hits="36" branch="true" condition-coverage="100% (2/2)">
							<conditions>
								<condition number="0" type="jump" coverage="100%"/>
							</conditions>
						</line>
						<line number="174" hits="32" branch="false"/>
						<line number="175" hits="32" branch="true" condition-coverage="50% (1/2)">
							<conditions>
								<condition number="0" type="jump" coverage="50%"/>
							</conditions>
						</line>
						<line number="176" hits="32" branch="true" condition-coverage="50% (1/2)">
							<conditions>
								<condition number="0" type="jump" coverage="50%"/>
							</conditions>
						</line>
						<line number="177" hits="32" branch="false"/>
						<line number="178" hits="32" branch="false"/>
						<line number="179" hits="4" branch="false"/>
						<line number="199" hits="3" branch="false"/>
						<line number="215" hits="3" branch="false"/>
						<line number="228" hits="4" branch="false"/>
						<line number="229" hits="4" branch="true" condition-coverage="100% (2/2)">
							<conditions>
								<condition number="0" type="jump" coverage="100%"/>
							</conditions>
						</line>
						<line number="230" hits="4" branch="false"/>
						<line number="231" hits="4" branch="false"/>
						<line number="242" hits="1" branch="false"/>
						<line number="243" hits="1" branch="true" condition-coverage="100% (2/2)">
							<conditions>
								<condition number="0" type="jump" coverage="100%"/>
							</conditions>
						</line>
						<line number="244" hits="6" branch="false"/>
						<line number="245" hits="6" branch="false"/>
						<line number="246" hits="6" branch="true" condition-coverage="100% (2/2)">
							<conditions>
								<condition number="0" type="jump" coverage="100%"/>
							</conditions>
						</line>
						<line number="247" hits="6" branch="false"/>
						<line number="248" hits="1" branch="false"/>
						<line number="260" hits="1" branch="false"/>
						<line number="274" hits="3" branch="false"/>
						<line number="284" hits="2" branch="false"/>
						<line number="294" hits="22" branch="false"/>
						<line number="295" hits="368" branch="true" condition-coverage="100% (2/2)">
							<conditions>
								<condition number="0" type="jump" coverage="100%"/>
							</conditions>
						</line>
						<line number="296" hits="346" branch="false"/>
						<line number="297" hits="346" branch="true" condition-coverage="100% (2/2)">
							<conditions>
								<condition number="0" type="jump" coverage="100%"/>
							</conditions>
						</line>
						<line number="298" hits="346" branch="false"/>
						<line number="299" hits="22" branch="false"/>
						<line number="309" hits="19" branch="false"/>
						<line number="321" hits="3" branch="false"/>
						<line number="335" hits="1" branch="false"/>
						<line number="348" hits="6" branch="false"/>
						<line number="349" hits="6" branch="true" condition-coverage="100% (2/2)">
							<conditions>
								<condition number="0" type="jump" coverage="100%"/>
							</conditions>
						</line>
						<line number="350" hits="4" branch="false"/>
						<line number="351" hits="4" branch="true" condition-coverage="100% (2/2)">
							<conditions>
								<condition number="0" type="jump" coverage="100%"/>
							</conditions>
						</line>
						<line number="352" hits="3" branch="false"/>
						<line number="364" hits="3" branch="false"/>
						<line number="365" hits="9" branch="true" condition-coverage="100% (2/2)">
							<conditions>
								<condition number="0" type="jump" coverage="100%"/>
							</conditions>
						</line>
						<line number="366" hits="8" branch="false"/>
						<line number="367" hits="8" branch="true" condition-coverage="100% (2/2)">
							<conditions>
								<condition number="0" type="jump" coverage="100%"/>
							</conditions>
						</line>
						<line number="368" hits="6" branch="false"/>
						<line number="369" hits="1" branch="false"/>
						<line number="378" hits="1" branch="false"/>
						<line number="388" hits="1" branch="false"/>
						<line number="399" hits="1" branch="false"/>
						<line number="410" hits="1" branch="false"/>
						<line number="422" hits="5" branch="true" condition-coverage="100% (2/2)">
							<conditions>
								<condition number="0" type="jump" coverage="100%"/>
							</conditions>
						</line>
						<line number="423" hits="5" branch="true" condition-coverage="100% (2/2)">
							<conditions>
								<condition number="0" type="jump" coverage="100%"/>
							</conditions>
						</line>
						<line number="424" hits="5" branch="false"/>
						<line number="436" hits="4" branch="false"/>
						<line number="448" hits="4" branch="false"/>
						<line number="456" hits="12" branch="true" condition-coverage="100% (2/2)">
							<conditions>
								<condition number="0" type="jump" coverage="100%"/>
							</conditions>
						</line>
						<line number="457" hits="4" branch="true" condition-coverage="100% (2/2)">
							<conditions>
								<condition number="0" type="jump" coverage="100%"/>
							</conditions>
						</line>
						<line number="458" hits="2" branch="true" condition-coverage="100% (2/2)">
							<conditions>
								<condition number="0" type="jump" coverage="100%"/>
							</conditions>
						</line>
						<line number="459" hits="1" branch="false"/>
						<line number="462" hits="1" branch="false"/>
						<line number="463" hits="1" branch="false"/>
						<line number="464" hits="1" branch="false"/>
						<line number="465" hits="1" branch="false"/>
						<line number="477" hits="59" branch="false"/>
						<line number="492" hits="4" branch="false"/>
						<line number="508" hits="10" branch="false"/>
						<line number="525" hits="14" branch="false"/>
						<line number="539" hits="12" branch="true" condition-coverage="50% (1/2)">
							<conditions>
								<condition number="0" type="jump" coverage="50%"/>
							</conditions>
						</line>
						<line number="540" hits="12" branch="false"/>
						<line number="541" hits="12" branch="true" condition-coverage="50% (1/2)">
							<conditions>
								<condition number="0" type="jump" coverage="50%"/>
							</conditions>
						</line>
						<line number="554" hits="6" branch="false"/>
						<line number="576" hits="4" branch="false"/>
						<line number="597" hits="1" branch="false"/>
						<line number="611" hits="3" branch="false"/>
						<line number="624" hits="2" branch="false"/>
						<line number="647" hits="1" branch="false"/>
						<line number="669" hits="1" branch="false"/>
						<line number="683" hits="3" branch="false"/>
						<line number="696" hits="2" branch="false"/>
						<line number="719" hits="2" branch="false"/>
						<line number="741" hits="1" branch="false"/>
						<line number="765" hits="2" branch="false"/>
						<line number="788" hits="1" branch="false"/>
						<line number="811" hits="1" branch="false"/>
						<line number="835" hits="1" branch="false"/>
						<line number="846" hits="13" branch="false"/>
						<line number="858" hits="19" branch="true" condition-coverage="100% (4/4)">
							<conditions>
								<condition number="0" type="jump" coverage="100%"/>
								<condition number="1" type="jump" coverage="100%"/>
							</conditions>
						</line>
						<line number="874" hits="14" branch="false"/>
						<line number="875" hits="14" branch="true" condition-coverage="100% (2/2)">
							<conditions>
								<condition number="0" type="jump" coverage="100%"/>
							</conditions>
						</line>
						<line number="876" hits="13" branch="false"/>
						<line number="888" hits="25" branch="false"/>
						<line number="899" hits="1" branch="false"/>
						<line number="900" hits="1" branch="true" condition-coverage="100% (2/2)">
							<conditions>
								<condition number="0" type="jump" coverage="100%"/>
							</conditions>
						</line>
						<line number="901" hits="1" branch="false"/>
						<line number="912" hits="1" branch="false"/>
						<line number="924" hits="5" branch="false"/>
						<line number="938" hits="1" branch="false"/>
						<line number="949" hits="1" branch="false"/>
						<line number="961" hits="1" branch="false"/>
						<line number="973" hits="3" branch="false"/>
						<line number="974" hits="3" branch="false"/>
						<line number="975" hits="29" branch="true" condition-coverage="100% (2/2)">
							<conditions>
								<condition number="0" type="jump" coverage="100%"/>
							</conditions>
						</line>
						<line number="976" hits="26" branch="false"/>
						<line number="977" hits="26" branch="false"/>
						<line number="978" hits="26" branch="false"/>
						<line number="979" hits="3" branch="false"/>
						<line number="991" hits="3" branch="false"/>
						<line number="1006" hits="3" branch="false"/>
						<line number="1018" hits="1" branch="false"/>
						<line number="1028" hits="1" branch="false"/>
						<line number="1038" hits="1" branch="false"/>
						<line number="1051" hits="8" branch="false"/>
						<line number="1062" hits="23" branch="false"/>
						<line number="1075" hits="27" branch="false"/>
						<line number="1084" hits="3" branch="false"/>
						<line number="1094" hits="28" branch="false"/>
						<line number="1103" hits="78" branch="false"/>
						<line number="1111" hits="26" branch="false"/>
						<line number="1120" hits="13" branch="false"/>
						<line number="1130" hits="6" branch="false"/>
						<line number="1141" hits="2" branch="false"/>
						<line number="1153" hits="4" branch="false"/>
						<line number="1162" hits="2" branch="false"/>
					</lines>
				</class>
			</classes>
		</package>
		<package name="ch.lambdaj.function.aggregate" line-rate="0.9880952380952381" branch-rate="0.8636363636363636" complexity="2.2777777777777777">
			<classes>
				<class name="ch.lambdaj.function.aggregate.Aggregator" filename="ch/lambdaj/function/aggregate/Aggregator.java" line-rate="1.0" branch-rate="1.0" complexity="1.0">
					<methods>
					</methods>
					<lines>
					</lines>
				</class>
				<class name="ch.lambdaj.function.aggregate.Chooser" filename="ch/lambdaj/function/aggregate/Chooser.java" line-rate="1.0" branch-rate="1.0" complexity="2.3333333333333335">
					<methods>
						<method name="&lt;init&gt;" signature="()V" line-rate="1.0" branch-rate="1.0">
							<lines>
								<line number="12" hits="26" branch="false"/>
							</lines>
						</method>
						<method name="aggregate" signature="(Ljava/lang/Object;Ljava/lang/Object;)Ljava/lang/Object;" line-rate="1.0" branch-rate="1.0">
							<lines>
								<line number="22" hits="255" branch="true" condition-coverage="100% (2/2)">
									<conditions>
										<condition number="0" type="jump" coverage="100%"/>
									</conditions>
								</line>
								<line number="23" hits="232" branch="true" condition-coverage="100% (2/2)">
									<conditions>
										<condition number="0" type="jump" coverage="100%"/>
									</conditions>
								</line>
								<line number="24" hits="230" branch="false"/>
							</lines>
						</method>
						<method name="emptyItem" signature="()Ljava/lang/Object;" line-rate="1.0" branch-rate="1.0">
							<lines>
								<line number="40" hits="25" branch="false"/>
							</lines>
						</method>
					</methods>
					<lines>
						<line number="12" hits="26" branch="false"/>
						<line number="22" hits="255" branch="true" condition-coverage="100% (2/2)">
							<conditions>
								<condition number="0" type="jump" coverage="100%"/>
							</conditions>
						</line>
						<line number="23" hits="232" branch="true" condition-coverage="100% (2/2)">
							<conditions>
								<condition number="0" type="jump" coverage="100%"/>
							</conditions>
						</line>
						<line number="24" hits="230" branch="false"/>
						<line number="40" hits="25" branch="false"/>
					</lines>
				</class>
				<class name="ch.lambdaj.function.aggregate.ChooserOnArgument" filename="ch/lambdaj/function/aggregate/ChooserOnArgument.java" line-rate="1.0" branch-rate="0.5" complexity="2.3333333333333335">
					<methods>
						<method name="&lt;init&gt;" signature="(Ljava/lang/Object;)V" line-rate="1.0" branch-rate="1.0">
							<lines>
								<line number="22" hits="8" branch="false"/>
								<line number="23" hits="8" branch="false"/>
								<line number="24" hits="8" branch="false"/>
							</lines>
						</method>
						<method name="choose" signature="(Ljava/lang/Object;Ljava/lang/Object;)Ljava/lang/Object;" line-rate="1.0" branch-rate="0.5">
							<lines>
								<line number="34" hits="49" branch="false"/>
								<line number="35" hits="49" branch="true" condition-coverage="50% (1/2)">
									<conditions>
										<condition number="0" type="jump" coverage="50%"/>
									</conditions>
								</line>
								<line number="36" hits="49" branch="false"/>
								<line number="37" hits="49" branch="true" condition-coverage="50% (1/2)">
									<conditions>
										<condition number="0" type="jump" coverage="50%"/>
									</conditions>
								</line>
								<line number="38" hits="49" branch="false"/>
							</lines>
						</method>
					</methods>
					<lines>
						<line number="22" hits="8" branch="false"/>
						<line number="23" hits="8" branch="false"/>
						<line number="24" hits="8" branch="false"/>
						<line number="34" hits="49" branch="false"/>
						<line number="35" hits="49" branch="true" condition-coverage="50% (1/2)">
							<conditions>
								<condition number="0" type="jump" coverage="50%"/>
							</conditions>
						</line>
						<line number="36" hits="49" branch="false"/>
						<line number="37" hits="49" branch="true" condition-coverage="50% (1/2)">
							<conditions>
								<condition number="0" type="jump" coverage="50%"/>
							</conditions>
						</line>
						<line number="38" hits="49" branch="false"/>
					</lines>
				</class>
				<class name="ch.lambdaj.function.aggregate.Concat" filename="ch/lambdaj/function/aggregate/Concat.java" line-rate="1.0" branch-rate="0.7857142857142857" complexity="3.6666666666666665">
					<methods>
						<method name="&lt;init&gt;" signature="()V" line-rate="1.0" branch-rate="1.0">
							<lines>
								<line number="21" hits="8" branch="false"/>
								<line number="22" hits="8" branch="false"/>
							</lines>
						</method>
						<method name="&lt;init&gt;" signature="(Ljava/lang/String;)V" line-rate="1.0" branch-rate="1.0">
							<lines>
								<line number="28" hits="17" branch="false"/>
								<line number="29" hits="17" branch="false"/>
								<line number="30" hits="17" branch="false"/>
							</lines>
						</method>
						<method name="aggregate" signature="(Ljava/util/Iterator;)Ljava/lang/Object;" line-rate="1.0" branch-rate="0.7857142857142857">
							<lines>
								<line number="40" hits="21" branch="true" condition-coverage="50% (1/2)">
									<conditions>
										<condition number="0" type="jump" coverage="50%"/>
									</conditions>
								</line>
								<line number="41" hits="21" branch="false"/>
								<line number="42" hits="29" branch="true" condition-coverage="100% (2/2)">
									<conditions>
										<condition number="0" type="jump" coverage="100%"/>
									</conditions>
								</line>
								<line number="43" hits="20" branch="false"/>
								<line number="44" hits="20" branch="true" condition-coverage="100% (2/2)">
									<conditions>
										<condition number="0" type="jump" coverage="100%"/>
									</conditions>
								</line>
								<line number="45" hits="16" branch="false"/>
								<line number="46" hits="16" branch="true" condition-coverage="100% (2/2)">
									<conditions>
										<condition number="0" type="jump" coverage="100%"/>
									</conditions>
								</line>
								<line number="47" hits="12" branch="false"/>
								<line number="48" hits="12" branch="false"/>
								<line number="50" hits="4" branch="false"/>
								<line number="51" hits="52" branch="true" condition-coverage="100% (2/2)">
									<conditions>
										<condition number="0" type="jump" coverage="100%"/>
									</conditions>
								</line>
								<line number="52" hits="31" branch="false"/>
								<line number="53" hits="31" branch="true" condition-coverage="50% (1/2)">
									<conditions>
										<condition number="0" type="jump" coverage="50%"/>
									</conditions>
								</line>
								<line number="54" hits="31" branch="false"/>
								<line number="55" hits="31" branch="true" condition-coverage="50% (1/2)">
									<conditions>
										<condition number="0" type="jump" coverage="50%"/>
									</conditions>
								</line>
								<line number="56" hits="31" branch="false"/>
								<line number="57" hits="21" branch="false"/>
							</lines>
						</method>
					</methods>
					<lines>
						<line number="21" hits="8" branch="false"/>
						<line number="22" hits="8" branch="false"/>
						<line number="28" hits="17" branch="false"/>
						<line number="29" hits="17" branch="false"/>
						<line number="30" hits="17" branch="false"/>
						<line number="40" hits="21" branch="true" condition-coverage="50% (1/2)">
							<conditions>
								<condition number="0" type="jump" coverage="50%"/>
							</conditions>
						</line>
						<line number="41" hits="21" branch="false"/>
						<line number="42" hits="29" branch="true" condition-coverage="100% (2/2)">
							<conditions>
								<condition number="0" type="jump" coverage="100%"/>
							</conditions>
						</line>
						<line number="43" hits="20" branch="false"/>
						<line number="44" hits="20" branch="true" condition-coverage="100% (2/2)">
							<conditions>
								<condition number="0" type="jump" coverage="100%"/>
							</conditions>
						</line>
						<line number="45" hits="16" branch="false"/>
						<line number="46" hits="16" branch="true" condition-coverage="100% (2/2)">
							<conditions>
								<condition number="0" type="jump" coverage="100%"/>
							</conditions>
						</line>
						<line number="47" hits="12" branch="false"/>
						<line number="48" hits="12" branch="false"/>
						<line number="50" hits="4" branch="false"/>
						<line number="51" hits="52" branch="true" condition-coverage="100% (2/2)">
							<conditions>
								<condition number="0" type="jump" coverage="100%"/>
							</conditions>
						</line>
						<line number="52" hits="31" branch="false"/>
						<line number="53" hits="31" branch="true" condition-coverage="50% (1/2)">
							<conditions>
								<condition number="0" type="jump" coverage="50%"/>
							</conditions>
						</line>
						<line number="54" hits="31" branch="false"/>
						<line number="55" hits="31" branch="true" condition-coverage="50% (1/2)">
							<conditions>
								<condition number="0" type="jump" coverage="50%"/>
							</conditions>
						</line>
						<line number="56" hits="31" branch="false"/>
						<line number="57" hits="21" branch="false"/>
					</lines>
				</class>
				<class name="ch.lambdaj.function.aggregate.InitializedPairAggregator" filename="ch/lambdaj/function/aggregate/InitializedPairAggregator.java" line-rate="1.0" branch-rate="1.0" complexity="1.0">
					<methods>
						<method name="&lt;init&gt;" signature="(Ljava/lang/Object;)V" line-rate="1.0" branch-rate="1.0">
							<lines>
								<line number="15" hits="26" branch="false"/>
								<line number="16" hits="26" branch="false"/>
								<line number="17" hits="26" branch="false"/>
							</lines>
						</method>
						<method name="emptyItem" signature="()Ljava/lang/Object;" line-rate="1.0" branch-rate="1.0">
							<lines>
								<line number="20" hits="31" branch="false"/>
							</lines>
						</method>
					</methods>
					<lines>
						<line number="15" hits="26" branch="false"/>
						<line number="16" hits="26" branch="false"/>
						<line number="17" hits="26" branch="false"/>
						<line number="20" hits="31" branch="false"/>
					</lines>
				</class>
				<class name="ch.lambdaj.function.aggregate.Max" filename="ch/lambdaj/function/aggregate/Max.java" line-rate="1.0" branch-rate="1.0" complexity="2.0">
					<methods>
						<method name="&lt;init&gt;" signature="()V" line-rate="1.0" branch-rate="1.0">
							<lines>
							</lines>
						</method>
						<method name="choose" signature="(Ljava/lang/Comparable;Ljava/lang/Comparable;)Ljava/lang/Comparable;" line-rate="1.0" branch-rate="1.0">
							<lines>
								<line number="22" hits="134" branch="true" condition-coverage="100% (2/2)">
									<conditions>
										<condition number="0" type="jump" coverage="100%"/>
									</conditions>
								</line>
							</lines>
						</method>
						<method name="choose" signature="(Ljava/lang/Object;Ljava/lang/Object;)Ljava/lang/Object;" line-rate="1.0" branch-rate="1.0">
							<lines>
								<line number="11" hits="143" branch="false"/>
							</lines>
						</method>
					</methods>
					<lines>
						<line number="11" hits="143" branch="false"/>
						<line number="22" hits="134" branch="true" condition-coverage="100% (2/2)">
							<conditions>
								<condition number="0" type="jump" coverage="100%"/>
							</conditions>
						</line>
					</lines>
				</class>
				<class name="ch.lambdaj.function.aggregate.MaxOnArgument" filename="ch/lambdaj/function/aggregate/MaxOnArgument.java" line-rate="1.0" branch-rate="1.0" complexity="1.5">
					<methods>
						<method name="&lt;init&gt;" signature="(Ljava/lang/Object;)V" line-rate="1.0" branch-rate="1.0">
							<lines>
								<line number="18" hits="4" branch="false"/>
								<line number="19" hits="4" branch="false"/>
							</lines>
						</method>
						<method name="chooseOnArgument" signature="(Ljava/lang/Object;Ljava/lang/Object;Ljava/lang/Object;Ljava/lang/Object;)Ljava/lang/Object;" line-rate="1.0" branch-rate="1.0">
							<lines>
								<line number="32" hits="29" branch="true" condition-coverage="100% (2/2)">
									<conditions>
										<condition number="0" type="jump" coverage="100%"/>
									</conditions>
								</line>
							</lines>
						</method>
					</methods>
					<lines>
						<line number="18" hits="4" branch="false"/>
						<line number="19" hits="4" branch="false"/>
						<line number="32" hits="29" branch="true" condition-coverage="100% (2/2)">
							<conditions>
								<condition number="0" type="jump" coverage="100%"/>
							</conditions>
						</line>
					</lines>
				</class>
				<class name="ch.lambdaj.function.aggregate.Min" filename="ch/lambdaj/function/aggregate/Min.java" line-rate="1.0" branch-rate="1.0" complexity="2.0">
					<methods>
						<method name="&lt;init&gt;" signature="()V" line-rate="1.0" branch-rate="1.0">
							<lines>
							</lines>
						</method>
						<method name="choose" signature="(Ljava/lang/Comparable;Ljava/lang/Comparable;)Ljava/lang/Comparable;" line-rate="1.0" branch-rate="1.0">
							<lines>
								<line number="22" hits="47" branch="true" condition-coverage="100% (2/2)">
									<conditions>
										<condition number="0" type="jump" coverage="100%"/>
									</conditions>
								</line>
							</lines>
						</method>
						<method name="choose" signature="(Ljava/lang/Object;Ljava/lang/Object;)Ljava/lang/Object;" line-rate="1.0" branch-rate="1.0">
							<lines>
								<line number="11" hits="56" branch="false"/>
							</lines>
						</method>
					</methods>
					<lines>
						<line number="11" hits="56" branch="false"/>
						<line number="22" hits="47" branch="true" condition-coverage="100% (2/2)">
							<conditions>
								<condition number="0" type="jump" coverage="100%"/>
							</conditions>
						</line>
					</lines>
				</class>
				<class name="ch.lambdaj.function.aggregate.MinOnArgument" filename="ch/lambdaj/function/aggregate/MinOnArgument.java" line-rate="1.0" branch-rate="1.0" complexity="1.5">
					<methods>
						<method name="&lt;init&gt;" signature="(Ljava/lang/Object;)V" line-rate="1.0" branch-rate="1.0">
							<lines>
								<line number="18" hits="4" branch="false"/>
								<line number="19" hits="4" branch="false"/>
							</lines>
						</method>
						<method name="chooseOnArgument" signature="(Ljava/lang/Object;Ljava/lang/Object;Ljava/lang/Object;Ljava/lang/Object;)Ljava/lang/Object;" line-rate="1.0" branch-rate="1.0">
							<lines>
								<line number="32" hits="20" branch="true" condition-coverage="100% (2/2)">
									<conditions>
										<condition number="0" type="jump" coverage="100%"/>
									</conditions>
								</line>
							</lines>
						</method>
					</methods>
					<lines>
						<line number="18" hits="4" branch="false"/>
						<line number="19" hits="4" branch="false"/>
						<line number="32" hits="20" branch="true" condition-coverage="100% (2/2)">
							<conditions>
								<condition number="0" type="jump" coverage="100%"/>
							</conditions>
						</line>
					</lines>
				</class>
				<class name="ch.lambdaj.function.aggregate.PairAggregator" filename="ch/lambdaj/function/aggregate/PairAggregator.java" line-rate="1.0" branch-rate="0.75" complexity="1.6666666666666667">
					<methods>
						<method name="&lt;init&gt;" signature="()V" line-rate="1.0" branch-rate="1.0">
							<lines>
								<line number="14" hits="53" branch="false"/>
							</lines>
						</method>
						<method name="aggregate" signature="(Ljava/util/Iterator;)Ljava/lang/Object;" line-rate="1.0" branch-rate="0.75">
							<lines>
								<line number="23" hits="45" branch="false"/>
								<line number="24" hits="45" branch="true" condition-coverage="75% (3/4)">
									<conditions>
										<condition number="0" type="jump" coverage="50%"/>
										<condition number="1" type="jump" coverage="100%"/>
									</conditions>
								</line>
								<line number="25" hits="45" branch="false"/>
							</lines>
						</method>
					</methods>
					<lines>
						<line number="14" hits="53" branch="false"/>
						<line number="23" hits="45" branch="false"/>
						<line number="24" hits="45" branch="true" condition-coverage="75% (3/4)">
							<conditions>
								<condition number="0" type="jump" coverage="50%"/>
								<condition number="1" type="jump" coverage="100%"/>
							</conditions>
						</line>
						<line number="25" hits="45" branch="false"/>
					</lines>
				</class>
				<class name="ch.lambdaj.function.aggregate.Sum" filename="ch/lambdaj/function/aggregate/Sum.java" line-rate="0.9473684210526315" branch-rate="0.90625" complexity="3.6666666666666665">
					<methods>
						<method name="&lt;init&gt;" signature="()V" line-rate="1.0" branch-rate="1.0">
							<lines>
								<line number="16" hits="14" branch="false"/>
								<line number="17" hits="14" branch="false"/>
							</lines>
						</method>
						<method name="&lt;init&gt;" signature="(Ljava/lang/Number;)V" line-rate="1.0" branch-rate="1.0">
							<lines>
								<line number="20" hits="1" branch="false"/>
								<line number="21" hits="1" branch="false"/>
							</lines>
						</method>
						<method name="aggregate" signature="(Ljava/lang/Number;Ljava/lang/Double;)Ljava/lang/Double;" line-rate="1.0" branch-rate="1.0">
							<lines>
								<line number="55" hits="22" branch="true" condition-coverage="100% (2/2)">
									<conditions>
										<condition number="0" type="jump" coverage="100%"/>
									</conditions>
								</line>
							</lines>
						</method>
						<method name="aggregate" signature="(Ljava/lang/Number;Ljava/lang/Float;)Ljava/lang/Float;" line-rate="1.0" branch-rate="1.0">
							<lines>
								<line number="51" hits="6" branch="true" condition-coverage="100% (2/2)">
									<conditions>
										<condition number="0" type="jump" coverage="100%"/>
									</conditions>
								</line>
							</lines>
						</method>
						<method name="aggregate" signature="(Ljava/lang/Number;Ljava/lang/Integer;)Ljava/lang/Integer;" line-rate="1.0" branch-rate="1.0">
							<lines>
								<line number="43" hits="10" branch="true" condition-coverage="100% (2/2)">
									<conditions>
										<condition number="0" type="jump" coverage="100%"/>
									</conditions>
								</line>
							</lines>
						</method>
						<method name="aggregate" signature="(Ljava/lang/Number;Ljava/lang/Long;)Ljava/lang/Long;" line-rate="1.0" branch-rate="1.0">
							<lines>
								<line number="47" hits="2" branch="true" condition-coverage="100% (2/2)">
									<conditions>
										<condition number="0" type="jump" coverage="100%"/>
									</conditions>
								</line>
							</lines>
						</method>
						<method name="aggregate" signature="(Ljava/lang/Number;Ljava/lang/Number;)Ljava/lang/Number;" line-rate="0.875" branch-rate="0.9375">
							<lines>
								<line number="30" hits="53" branch="true" condition-coverage="100% (4/4)">
									<conditions>
										<condition number="0" type="jump" coverage="100%"/>
										<condition number="1" type="jump" coverage="100%"/>
									</conditions>
								</line>
								<line number="32" hits="48" branch="true" condition-coverage="100% (2/2)">
									<conditions>
										<condition number="0" type="jump" coverage="100%"/>
									</conditions>
								</line>
								<line number="33" hits="38" branch="true" condition-coverage="100% (2/2)">
									<conditions>
										<condition number="0" type="jump" coverage="100%"/>
									</conditions>
								</line>
								<line number="34" hits="36" branch="true" condition-coverage="100% (2/2)">
									<conditions>
										<condition number="0" type="jump" coverage="100%"/>
									</conditions>
								</line>
								<line number="35" hits="30" branch="true" condition-coverage="100% (2/2)">
									<conditions>
										<condition number="0" type="jump" coverage="100%"/>
									</conditions>
								</line>
								<line number="36" hits="8" branch="true" condition-coverage="100% (2/2)">
									<conditions>
										<condition number="0" type="jump" coverage="100%"/>
									</conditions>
								</line>
								<line number="37" hits="4" branch="true" condition-coverage="50% (1/2)">
									<conditions>
										<condition number="0" type="jump" coverage="50%"/>
									</conditions>
								</line>
								<line number="39" hits="0" branch="false"/>
							</lines>
						</method>
						<method name="aggregate" signature="(Ljava/lang/Number;Ljava/math/BigDecimal;)Ljava/math/BigDecimal;" line-rate="1.0" branch-rate="0.75">
							<lines>
								<line number="63" hits="4" branch="true" condition-coverage="75% (3/4)">
									<conditions>
										<condition number="0" type="jump" coverage="50%"/>
										<condition number="1" type="jump" coverage="100%"/>
									</conditions>
								</line>
							</lines>
						</method>
						<method name="aggregate" signature="(Ljava/lang/Number;Ljava/math/BigInteger;)Ljava/math/BigInteger;" line-rate="1.0" branch-rate="0.75">
							<lines>
								<line number="59" hits="4" branch="true" condition-coverage="75% (3/4)">
									<conditions>
										<condition number="0" type="jump" coverage="50%"/>
										<condition number="1" type="jump" coverage="100%"/>
									</conditions>
								</line>
							</lines>
						</method>
						<method name="aggregate" signature="(Ljava/lang/Object;Ljava/lang/Object;)Ljava/lang/Object;" line-rate="1.0" branch-rate="1.0">
							<lines>
								<line number="13" hits="40" branch="false"/>
							</lines>
						</method>
					</methods>
					<lines>
						<line number="13" hits="40" branch="false"/>
						<line number="16" hits="14" branch="false"/>
						<line number="17" hits="14" branch="false"/>
						<line number="20" hits="1" branch="false"/>
						<line number="21" hits="1" branch="false"/>
						<line number="30" hits="53" branch="true" condition-coverage="100% (4/4)">
							<conditions>
								<condition number="0" type="jump" coverage="100%"/>
								<condition number="1" type="jump" coverage="100%"/>
							</conditions>
						</line>
						<line number="32" hits="48" branch="true" condition-coverage="100% (2/2)">
							<conditions>
								<condition number="0" type="jump" coverage="100%"/>
							</conditions>
						</line>
						<line number="33" hits="38" branch="true" condition-coverage="100% (2/2)">
							<conditions>
								<condition number="0" type="jump" coverage="100%"/>
							</conditions>
						</line>
						<line number="34" hits="36" branch="true" condition-coverage="100% (2/2)">
							<conditions>
								<condition number="0" type="jump" coverage="100%"/>
							</conditions>
						</line>
						<line number="35" hits="30" branch="true" condition-coverage="100% (2/2)">
							<conditions>
								<condition number="0" type="jump" coverage="100%"/>
							</conditions>
						</line>
						<line number="36" hits="8" branch="true" condition-coverage="100% (2/2)">
							<conditions>
								<condition number="0" type="jump" coverage="100%"/>
							</conditions>
						</line>
						<line number="37" hits="4" branch="true" condition-coverage="50% (1/2)">
							<conditions>
								<condition number="0" type="jump" coverage="50%"/>
							</conditions>
						</line>
						<line number="39" hits="0" branch="false"/>
						<line number="43" hits="10" branch="true" condition-coverage="100% (2/2)">
							<conditions>
								<condition number="0" type="jump" coverage="100%"/>
							</conditions>
						</line>
						<line number="47" hits="2" branch="true" condition-coverage="100% (2/2)">
							<conditions>
								<condition number="0" type="jump" coverage="100%"/>
							</conditions>
						</line>
						<line number="51" hits="6" branch="true" condition-coverage="100% (2/2)">
							<conditions>
								<condition number="0" type="jump" coverage="100%"/>
							</conditions>
						</line>
						<line number="55" hits="22" branch="true" condition-coverage="100% (2/2)">
							<conditions>
								<condition number="0" type="jump" coverage="100%"/>
							</conditions>
						</line>
						<line number="59" hits="4" branch="true" condition-coverage="75% (3/4)">
							<conditions>
								<condition number="0" type="jump" coverage="50%"/>
								<condition number="1" type="jump" coverage="100%"/>
							</conditions>
						</line>
						<line number="63" hits="4" branch="true" condition-coverage="75% (3/4)">
							<conditions>
								<condition number="0" type="jump" coverage="50%"/>
								<condition number="1" type="jump" coverage="100%"/>
							</conditions>
						</line>
					</lines>
				</class>
				<class name="ch.lambdaj.function.aggregate.SumDouble" filename="ch/lambdaj/function/aggregate/SumDouble.java" line-rate="1.0" branch-rate="1.0" complexity="1.0">
					<methods>
						<method name="&lt;init&gt;" signature="(Ljava/lang/Double;)V" line-rate="1.0" branch-rate="1.0">
							<lines>
								<line number="14" hits="2" branch="false"/>
								<line number="15" hits="2" branch="false"/>
							</lines>
						</method>
						<method name="aggregate" signature="(Ljava/lang/Double;Ljava/lang/Double;)Ljava/lang/Double;" line-rate="1.0" branch-rate="1.0">
							<lines>
								<line number="24" hits="23" branch="false"/>
							</lines>
						</method>
						<method name="aggregate" signature="(Ljava/lang/Object;Ljava/lang/Object;)Ljava/lang/Object;" line-rate="1.0" branch-rate="1.0">
							<lines>
								<line number="11" hits="23" branch="false"/>
							</lines>
						</method>
					</methods>
					<lines>
						<line number="11" hits="23" branch="false"/>
						<line number="14" hits="2" branch="false"/>
						<line number="15" hits="2" branch="false"/>
						<line number="24" hits="23" branch="false"/>
					</lines>
				</class>
				<class name="ch.lambdaj.function.aggregate.SumInteger" filename="ch/lambdaj/function/aggregate/SumInteger.java" line-rate="1.0" branch-rate="1.0" complexity="1.0">
					<methods>
						<method name="&lt;init&gt;" signature="(Ljava/lang/Integer;)V" line-rate="1.0" branch-rate="1.0">
							<lines>
								<line number="14" hits="8" branch="false"/>
								<line number="15" hits="8" branch="false"/>
							</lines>
						</method>
						<method name="aggregate" signature="(Ljava/lang/Integer;Ljava/lang/Integer;)Ljava/lang/Integer;" line-rate="1.0" branch-rate="1.0">
							<lines>
								<line number="24" hits="24" branch="false"/>
							</lines>
						</method>
						<method name="aggregate" signature="(Ljava/lang/Object;Ljava/lang/Object;)Ljava/lang/Object;" line-rate="1.0" branch-rate="1.0">
							<lines>
								<line number="11" hits="24" branch="false"/>
							</lines>
						</method>
					</methods>
					<lines>
						<line number="11" hits="24" branch="false"/>
						<line number="14" hits="8" branch="false"/>
						<line number="15" hits="8" branch="false"/>
						<line number="24" hits="24" branch="false"/>
					</lines>
				</class>
				<class name="ch.lambdaj.function.aggregate.SumLong" filename="ch/lambdaj/function/aggregate/SumLong.java" line-rate="1.0" branch-rate="1.0" complexity="1.0">
					<methods>
						<method name="&lt;init&gt;" signature="(Ljava/lang/Long;)V" line-rate="1.0" branch-rate="1.0">
							<lines>
								<line number="14" hits="1" branch="false"/>
								<line number="15" hits="1" branch="false"/>
							</lines>
						</method>
						<method name="aggregate" signature="(Ljava/lang/Long;Ljava/lang/Long;)Ljava/lang/Long;" line-rate="1.0" branch-rate="1.0">
							<lines>
								<line number="24" hits="4" branch="false"/>
							</lines>
						</method>
						<method name="aggregate" signature="(Ljava/lang/Object;Ljava/lang/Object;)Ljava/lang/Object;" line-rate="1.0" branch-rate="1.0">
							<lines>
								<line number="11" hits="4" branch="false"/>
							</lines>
						</method>
					</methods>
					<lines>
						<line number="11" hits="4" branch="false"/>
						<line number="14" hits="1" branch="false"/>
						<line number="15" hits="1" branch="false"/>
						<line number="24" hits="4" branch="false"/>
					</lines>
				</class>
			</classes>
		</package>
		<package name="ch.lambdaj.function.argument" line-rate="0.9733333333333334" branch-rate="0.7423312883435583" complexity="3.019230769230769">
			<classes>
				<class name="ch.lambdaj.function.argument.Argument" filename="ch/lambdaj/function/argument/Argument.java" line-rate="0.9090909090909091" branch-rate="0.6666666666666666" complexity="1.25">
					<methods>
						<method name="&lt;init&gt;" signature="(Lch/lambdaj/function/argument/InvocationSequence;)V" line-rate="1.0" branch-rate="1.0">
							<lines>
								<line number="15" hits="42" branch="false"/>
								<line number="16" hits="42" branch="false"/>
								<line number="17" hits="42" branch="false"/>
							</lines>
						</method>
						<method name="equals" signature="(Ljava/lang/Object;)Z" line-rate="1.0" branch-rate="0.5">
							<lines>
								<line number="61" hits="1" branch="true" condition-coverage="50% (2/4)">
									<conditions>
										<condition number="0" type="jump" coverage="50%"/>
										<condition number="1" type="jump" coverage="50%"/>
									</conditions>
								</line>
							</lines>
						</method>
						<method name="evaluate" signature="(Ljava/lang/Object;)Ljava/lang/Object;" line-rate="1.0" branch-rate="1.0">
							<lines>
								<line number="35" hits="1599" branch="true" condition-coverage="100% (2/2)">
									<conditions>
										<condition number="0" type="jump" coverage="100%"/>
									</conditions>
								</line>
								<line number="36" hits="1595" branch="false"/>
							</lines>
						</method>
						<method name="getInkvokedPropertyName" signature="()Ljava/lang/String;" line-rate="1.0" branch-rate="1.0">
							<lines>
								<line number="25" hits="15" branch="false"/>
							</lines>
						</method>
						<method name="getReturnType" signature="()Ljava/lang/Class;" line-rate="1.0" branch-rate="1.0">
							<lines>
								<line number="51" hits="2" branch="false"/>
							</lines>
						</method>
						<method name="getRootArgumentClass" signature="()Ljava/lang/Class;" line-rate="1.0" branch-rate="1.0">
							<lines>
								<line number="43" hits="2" branch="false"/>
							</lines>
						</method>
						<method name="hashCode" signature="()I" line-rate="0.0" branch-rate="1.0">
							<lines>
								<line number="66" hits="0" branch="false"/>
							</lines>
						</method>
						<method name="toString" signature="()Ljava/lang/String;" line-rate="1.0" branch-rate="1.0">
							<lines>
								<line number="56" hits="3" branch="false"/>
							</lines>
						</method>
					</methods>
					<lines>
						<line number="15" hits="42" branch="false"/>
						<line number="16" hits="42" branch="false"/>
						<line number="17" hits="42" branch="false"/>
						<line number="25" hits="15" branch="false"/>
						<line number="35" hits="1599" branch="true" condition-coverage="100% (2/2)">
							<conditions>
								<condition number="0" type="jump" coverage="100%"/>
							</conditions>
						</line>
						<line number="36" hits="1595" branch="false"/>
						<line number="43" hits="2" branch="false"/>
						<line number="51" hits="2" branch="false"/>
						<line number="56" hits="3" branch="false"/>
						<line number="61" hits="1" branch="true" condition-coverage="50% (2/4)">
							<conditions>
								<condition number="0" type="jump" coverage="50%"/>
								<condition number="1" type="jump" coverage="50%"/>
							</conditions>
						</line>
						<line number="66" hits="0" branch="false"/>
					</lines>
				</class>
				<class name="ch.lambdaj.function.argument.ArgumentsFactory" filename="ch/lambdaj/function/argument/ArgumentsFactory.java" line-rate="0.9454545454545454" branch-rate="0.7241379310344828" complexity="3.909090909090909">
					<methods>
						<method name="&lt;clinit&gt;" signature="()V" line-rate="1.0" branch-rate="1.0">
							<lines>
								<line number="34" hits="1" branch="false"/>
								<line number="62" hits="1" branch="false"/>
								<line number="82" hits="1" branch="false"/>
								<line number="149" hits="1" branch="false"/>
							</lines>
						</method>
						<method name="&lt;init&gt;" signature="()V" line-rate="0.0" branch-rate="1.0">
							<lines>
								<line number="19" hits="0" branch="false"/>
							</lines>
						</method>
						<method name="actualArgument" signature="(Ljava/lang/Object;)Lch/lambdaj/function/argument/Argument;" line-rate="1.0" branch-rate="1.0">
							<lines>
								<line number="76" hits="89" branch="true" condition-coverage="100% (2/2)">
									<conditions>
										<condition number="0" type="jump" coverage="100%"/>
									</conditions>
								</line>
								<line number="77" hits="88" branch="true" condition-coverage="100% (2/2)">
									<conditions>
										<condition number="0" type="jump" coverage="100%"/>
									</conditions>
								</line>
								<line number="78" hits="88" branch="true" condition-coverage="100% (2/2)">
									<conditions>
										<condition number="0" type="jump" coverage="100%"/>
									</conditions>
								</line>
								<line number="79" hits="87" branch="false"/>
							</lines>
						</method>
						<method name="bindArgument" signature="(Ljava/lang/Object;Lch/lambdaj/function/argument/Argument;)V" line-rate="1.0" branch-rate="1.0">
							<lines>
								<line number="65" hits="42" branch="true" condition-coverage="100% (2/2)">
									<conditions>
										<condition number="0" type="jump" coverage="100%"/>
									</conditions>
								</line>
								<line number="66" hits="27" branch="false"/>
								<line number="67" hits="42" branch="false"/>
							</lines>
						</method>
						<method name="createArgument" signature="(Ljava/lang/Class;)Ljava/lang/Object;" line-rate="1.0" branch-rate="1.0">
							<lines>
								<line number="31" hits="99" branch="false"/>
							</lines>
						</method>
						<method name="createArgument" signature="(Ljava/lang/Class;Lch/lambdaj/function/argument/InvocationSequence;)Ljava/lang/Object;" line-rate="1.0" branch-rate="1.0">
							<lines>
								<line number="38" hits="208" branch="false"/>
								<line number="39" hits="208" branch="true" condition-coverage="100% (2/2)">
									<conditions>
										<condition number="0" type="jump" coverage="100%"/>
									</conditions>
								</line>
								<line number="41" hits="208" branch="true" condition-coverage="100% (2/2)">
									<conditions>
										<condition number="0" type="jump" coverage="100%"/>
									</conditions>
								</line>
								<line number="42" hits="35" branch="false"/>
								<line number="43" hits="35" branch="false"/>
								<line number="46" hits="208" branch="true" condition-coverage="100% (4/4)">
									<conditions>
										<condition number="0" type="jump" coverage="100%"/>
										<condition number="1" type="jump" coverage="100%"/>
									</conditions>
								</line>
								<line number="47" hits="42" branch="false"/>
								<line number="49" hits="208" branch="false"/>
							</lines>
						</method>
						<method name="createArgumentPlaceholder" signature="(Ljava/lang/Class;)Ljava/lang/Object;" line-rate="1.0" branch-rate="1.0">
							<lines>
								<line number="152" hits="38" branch="true" condition-coverage="100% (2/2)">
									<conditions>
										<condition number="0" type="jump" coverage="100%"/>
									</conditions>
								</line>
							</lines>
						</method>
						<method name="createArgumentPlaceholder" signature="(Ljava/lang/Class;Ljava/lang/Integer;)Ljava/lang/Object;" line-rate="1.0" branch-rate="1.0">
							<lines>
								<line number="156" hits="393" branch="true" condition-coverage="100% (6/6)">
									<conditions>
										<condition number="0" type="jump" coverage="100%"/>
										<condition number="1" type="jump" coverage="100%"/>
										<condition number="2" type="jump" coverage="100%"/>
									</conditions>
								</line>
								<line number="157" hits="244" branch="false"/>
								<line number="159" hits="149" branch="true" condition-coverage="100% (2/2)">
									<conditions>
										<condition number="0" type="jump" coverage="100%"/>
									</conditions>
								</line>
								<line number="160" hits="8" branch="true" condition-coverage="100% (2/2)">
									<conditions>
										<condition number="0" type="jump" coverage="100%"/>
									</conditions>
								</line>
								<line number="161" hits="7" branch="true" condition-coverage="100% (2/2)">
									<conditions>
										<condition number="0" type="jump" coverage="100%"/>
									</conditions>
								</line>
								<line number="164" hits="6" branch="false"/>
								<line number="165" hits="1" branch="false"/>
								<line number="166" hits="1" branch="false"/>
							</lines>
						</method>
						<method name="createArgumentPlaceholderForUnknownClass" signature="(Ljava/lang/Class;Ljava/lang/Integer;)Ljava/lang/Object;" line-rate="0.8571428571428571" branch-rate="0.875">
							<lines>
								<line number="171" hits="8" branch="true" condition-coverage="100% (2/2)">
									<conditions>
										<condition number="0" type="jump" coverage="100%"/>
									</conditions>
								</line>
								<line number="172" hits="7" branch="false"/>
								<line number="173" hits="7" branch="true" condition-coverage="100% (2/2)">
									<conditions>
										<condition number="0" type="jump" coverage="100%"/>
									</conditions>
								</line>
								<line number="175" hits="6" branch="true" condition-coverage="100% (2/2)">
									<conditions>
										<condition number="0" type="jump" coverage="100%"/>
									</conditions>
								</line>
								<line number="176" hits="3" branch="true" condition-coverage="50% (1/2)">
									<conditions>
										<condition number="0" type="jump" coverage="50%"/>
									</conditions>
								</line>
								<line number="177" hits="0" branch="false"/>
								<line number="179" hits="1" branch="false"/>
							</lines>
						</method>
						<method name="createClosureArgumentPlaceholder" signature="(Ljava/lang/Class;)Ljava/lang/Object;" line-rate="1.0" branch-rate="1.0">
							<lines>
								<line number="138" hits="378" branch="true" condition-coverage="100% (2/2)">
									<conditions>
										<condition number="0" type="jump" coverage="100%"/>
									</conditions>
								</line>
								<line number="139" hits="373" branch="true" condition-coverage="100% (2/2)">
									<conditions>
										<condition number="0" type="jump" coverage="100%"/>
									</conditions>
								</line>
							</lines>
						</method>
						<method name="createFinalArgumentPlaceholder" signature="(Ljava/lang/Class;)Ljava/lang/Object;" line-rate="1.0" branch-rate="0.5">
							<lines>
								<line number="144" hits="364" branch="true" condition-coverage="50% (2/4)">
									<conditions>
										<condition number="0" type="jump" coverage="50%"/>
										<condition number="1" type="jump" coverage="50%"/>
									</conditions>
								</line>
								<line number="145" hits="364" branch="true" condition-coverage="50% (1/2)">
									<conditions>
										<condition number="0" type="jump" coverage="50%"/>
									</conditions>
								</line>
								<line number="146" hits="364" branch="false"/>
							</lines>
						</method>
						<method name="createPlaceholder" signature="(Ljava/lang/Class;Lch/lambdaj/function/argument/InvocationSequence;)Ljava/lang/Object;" line-rate="1.0" branch-rate="1.0">
							<lines>
								<line number="53" hits="35" branch="true" condition-coverage="100% (2/2)">
									<conditions>
										<condition number="0" type="jump" coverage="100%"/>
									</conditions>
								</line>
							</lines>
						</method>
						<method name="getPrimitivePlaceHolder" signature="(Ljava/lang/Class;Ljava/lang/Integer;)Ljava/lang/Object;" line-rate="0.8888888888888888" branch-rate="0.3684210526315789">
							<lines>
								<line number="187" hits="244" branch="true" condition-coverage="36% (7/19)">
									<conditions>
										<condition number="0" type="switch" coverage="36%"/>
									</conditions>
								</line>
								<line number="189" hits="236" branch="false"/>
								<line number="191" hits="1" branch="false"/>
								<line number="193" hits="3" branch="false"/>
								<line number="195" hits="1" branch="false"/>
[...]
									<conditions>
										<condition number="0" type="jump" coverage="100%"/>
									</conditions>
								</line>
								<line number="40" hits="25" branch="true" condition-coverage="100% (2/2)">
									<conditions>
										<condition number="0" type="jump" coverage="100%"/>
									</conditions>
								</line>
								<line number="41" hits="11" branch="true" condition-coverage="100% (2/2)">
									<conditions>
										<condition number="0" type="jump" coverage="100%"/>
									</conditions>
								</line>
								<line number="42" hits="10" branch="false"/>
							</lines>
						</method>
						<method name="asResettableIterator" signature="(Ljava/lang/Object;)Lch/lambdaj/util/iterator/ResettableIterator;" line-rate="1.0" branch-rate="0.9">
							<lines>
								<line number="46" hits="40" branch="true" condition-coverage="100% (2/2)">
									<conditions>
										<condition number="0" type="jump" coverage="100%"/>
									</conditions>
								</line>
								<line number="47" hits="39" branch="true" condition-coverage="100% (2/2)">
									<conditions>
										<condition number="0" type="jump" coverage="100%"/>
									</conditions>
								</line>
								<line number="48" hits="8" branch="true" condition-coverage="100% (2/2)">
									<conditions>
										<condition number="0" type="jump" coverage="100%"/>
									</conditions>
								</line>
								<line number="49" hits="4" branch="true" condition-coverage="100% (2/2)">
									<conditions>
										<condition number="0" type="jump" coverage="100%"/>
									</conditions>
								</line>
								<line number="50" hits="1" branch="true" condition-coverage="50% (1/2)">
									<conditions>
										<condition number="0" type="jump" coverage="50%"/>
									</conditions>
								</line>
								<line number="51" hits="1" branch="false"/>
							</lines>
						</method>
						<method name="discoverGenericType" signature="(Ljava/lang/Iterable;)Ljava/lang/Class;" line-rate="1.0" branch-rate="1.0">
							<lines>
								<line number="17" hits="10" branch="false"/>
							</lines>
						</method>
						<method name="discoverGenericType" signature="(Ljava/util/Iterator;)Ljava/lang/Class;" line-rate="1.0" branch-rate="1.0">
							<lines>
								<line number="21" hits="9" branch="true" condition-coverage="100% (2/2)">
									<conditions>
										<condition number="0" type="jump" coverage="100%"/>
									</conditions>
								</line>
								<line number="22" hits="1" branch="false"/>
								<line number="23" hits="8" branch="false"/>
							</lines>
						</method>
						<method name="flattenIterator" signature="(Ljava/lang/Object;)Ljava/util/List;" line-rate="1.0" branch-rate="1.0">
							<lines>
								<line number="62" hits="14" branch="false"/>
								<line number="64" hits="14" branch="false"/>
								<line number="65" hits="8" branch="false"/>
								<line number="66" hits="8" branch="false"/>
								<line number="67" hits="6" branch="false"/>
								<line number="68" hits="14" branch="false"/>
							</lines>
						</method>
						<method name="flattenIterator" signature="(Ljava/util/Iterator;)Ljava/util/List;" line-rate="1.0" branch-rate="1.0">
							<lines>
								<line number="72" hits="6" branch="false"/>
								<line number="73" hits="18" branch="true" condition-coverage="100% (2/2)">
									<conditions>
										<condition number="0" type="jump" coverage="100%"/>
									</conditions>
								</line>
								<line number="74" hits="6" branch="false"/>
							</lines>
						</method>
					</methods>
					<lines>
						<line number="14" hits="0" branch="false"/>
						<line number="17" hits="10" branch="false"/>
						<line number="21" hits="9" branch="true" condition-coverage="100% (2/2)">
							<conditions>
								<condition number="0" type="jump" coverage="100%"/>
							</conditions>
						</line>
						<line number="22" hits="1" branch="false"/>
						<line number="23" hits="8" branch="false"/>
						<line number="37" hits="141" branch="true" condition-coverage="50% (1/2)">
							<conditions>
								<condition number="0" type="jump" coverage="50%"/>
							</conditions>
						</line>
						<line number="38" hits="141" branch="true" condition-coverage="100% (2/2)">
							<conditions>
								<condition number="0" type="jump" coverage="100%"/>
							</conditions>
						</line>
						<line number="39" hits="73" branch="true" condition-coverage="100% (2/2)">
							<conditions>
								<condition number="0" type="jump" coverage="100%"/>
							</conditions>
						</line>
						<line number="40" hits="25" branch="true" condition-coverage="100% (2/2)">
							<conditions>
								<condition number="0" type="jump" coverage="100%"/>
							</conditions>
						</line>
						<line number="41" hits="11" branch="true" condition-coverage="100% (2/2)">
							<conditions>
								<condition number="0" type="jump" coverage="100%"/>
							</conditions>
						</line>
						<line number="42" hits="10" branch="false"/>
						<line number="46" hits="40" branch="true" condition-coverage="100% (2/2)">
							<conditions>
								<condition number="0" type="jump" coverage="100%"/>
							</conditions>
						</line>
						<line number="47" hits="39" branch="true" condition-coverage="100% (2/2)">
							<conditions>
								<condition number="0" type="jump" coverage="100%"/>
							</conditions>
						</line>
						<line number="48" hits="8" branch="true" condition-coverage="100% (2/2)">
							<conditions>
								<condition number="0" type="jump" coverage="100%"/>
							</conditions>
						</line>
						<line number="49" hits="4" branch="true" condition-coverage="100% (2/2)">
							<conditions>
								<condition number="0" type="jump" coverage="100%"/>
							</conditions>
						</line>
						<line number="50" hits="1" branch="true" condition-coverage="50% (1/2)">
							<conditions>
								<condition number="0" type="jump" coverage="50%"/>
							</conditions>
						</line>
						<line number="51" hits="1" branch="false"/>
						<line number="62" hits="14" branch="false"/>
						<line number="64" hits="14" branch="false"/>
						<line number="65" hits="8" branch="false"/>
						<line number="66" hits="8" branch="false"/>
						<line number="67" hits="6" branch="false"/>
						<line number="68" hits="14" branch="false"/>
						<line number="72" hits="6" branch="false"/>
						<line number="73" hits="18" branch="true" condition-coverage="100% (2/2)">
							<conditions>
								<condition number="0" type="jump" coverage="100%"/>
							</conditions>
						</line>
						<line number="74" hits="6" branch="false"/>
					</lines>
				</class>
				<class name="ch.lambdaj.util.iterator.MatchingIterator" filename="ch/lambdaj/util/iterator/MatchingIterator.java" line-rate="0.9473684210526315" branch-rate="0.9166666666666666" complexity="2.4">
					<methods>
						<method name="&lt;init&gt;" signature="(Ljava/util/Iterator;Lorg/hamcrest/Matcher;)V" line-rate="1.0" branch-rate="1.0">
							<lines>
								<line number="22" hits="7" branch="false"/>
								<line number="24" hits="7" branch="false"/>
								<line number="25" hits="7" branch="false"/>
								<line number="26" hits="7" branch="false"/>
								<line number="27" hits="7" branch="false"/>
							</lines>
						</method>
						<method name="hasNext" signature="()Z" line-rate="1.0" branch-rate="1.0">
							<lines>
								<line number="39" hits="17" branch="true" condition-coverage="100% (2/2)">
									<conditions>
										<condition number="0" type="jump" coverage="100%"/>
									</conditions>
								</line>
								<line number="40" hits="17" branch="true" condition-coverage="100% (2/2)">
									<conditions>
										<condition number="0" type="jump" coverage="100%"/>
									</conditions>
								</line>
							</lines>
						</method>
						<method name="next" signature="()Ljava/lang/Object;" line-rate="1.0" branch-rate="0.5">
							<lines>
								<line number="44" hits="6" branch="true" condition-coverage="50% (1/2)">
									<conditions>
										<condition number="0" type="jump" coverage="50%"/>
									</conditions>
								</line>
								<line number="45" hits="6" branch="false"/>
								<line number="46" hits="6" branch="false"/>
								<line number="47" hits="6" branch="false"/>
							</lines>
						</method>
						<method name="remove" signature="()V" line-rate="0.0" branch-rate="1.0">
							<lines>
								<line number="51" hits="0" branch="false"/>
							</lines>
						</method>
						<method name="searchNext" signature="()V" line-rate="1.0" branch-rate="1.0">
							<lines>
								<line number="30" hits="13" branch="false"/>
								<line number="31" hits="41" branch="true" condition-coverage="100% (4/4)">
									<conditions>
										<condition number="0" type="jump" coverage="100%"/>
										<condition number="1" type="jump" coverage="100%"/>
									</conditions>
								</line>
								<line number="32" hits="28" branch="false"/>
								<line number="33" hits="28" branch="true" condition-coverage="100% (2/2)">
									<conditions>
										<condition number="0" type="jump" coverage="100%"/>
									</conditions>
								</line>
								<line number="34" hits="28" branch="false"/>
								<line number="35" hits="13" branch="false"/>
								<line number="36" hits="13" branch="false"/>
							</lines>
						</method>
					</methods>
					<lines>
						<line number="22" hits="7" branch="false"/>
						<line number="24" hits="7" branch="false"/>
						<line number="25" hits="7" branch="false"/>
						<line number="26" hits="7" branch="false"/>
						<line number="27" hits="7" branch="false"/>
						<line number="30" hits="13" branch="false"/>
						<line number="31" hits="41" branch="true" condition-coverage="100% (4/4)">
							<conditions>
								<condition number="0" type="jump" coverage="100%"/>
								<condition number="1" type="jump" coverage="100%"/>
							</conditions>
						</line>
						<line number="32" hits="28" branch="false"/>
						<line number="33" hits="28" branch="true" condition-coverage="100% (2/2)">
							<conditions>
								<condition number="0" type="jump" coverage="100%"/>
							</conditions>
						</line>
						<line number="34" hits="28" branch="false"/>
						<line number="35" hits="13" branch="false"/>
						<line number="36" hits="13" branch="false"/>
						<line number="39" hits="17" branch="true" condition-coverage="100% (2/2)">
							<conditions>
								<condition number="0" type="jump" coverage="100%"/>
							</conditions>
						</line>
						<line number="40" hits="17" branch="true" condition-coverage="100% (2/2)">
							<conditions>
								<condition number="0" type="jump" coverage="100%"/>
							</conditions>
						</line>
						<line number="44" hits="6" branch="true" condition-coverage="50% (1/2)">
							<conditions>
								<condition number="0" type="jump" coverage="50%"/>
							</conditions>
						</line>
						<line number="45" hits="6" branch="false"/>
						<line number="46" hits="6" branch="false"/>
						<line number="47" hits="6" branch="false"/>
						<line number="51" hits="0" branch="false"/>
					</lines>
				</class>
				<class name="ch.lambdaj.util.iterator.ResettableIterator" filename="ch/lambdaj/util/iterator/ResettableIterator.java" line-rate="1.0" branch-rate="1.0" complexity="1.5">
					<methods>
						<method name="&lt;init&gt;" signature="()V" line-rate="1.0" branch-rate="1.0">
							<lines>
								<line number="12" hits="89" branch="false"/>
							</lines>
						</method>
						<method name="remove" signature="()V" line-rate="1.0" branch-rate="1.0">
							<lines>
								<line number="17" hits="1" branch="false"/>
							</lines>
						</method>
					</methods>
					<lines>
						<line number="12" hits="89" branch="false"/>
						<line number="17" hits="1" branch="false"/>
					</lines>
				</class>
				<class name="ch.lambdaj.util.iterator.ResettableIteratorOnArray" filename="ch/lambdaj/util/iterator/ResettableIteratorOnArray.java" line-rate="1.0" branch-rate="0.75" complexity="1.5">
					<methods>
						<method name="&lt;init&gt;" signature="([Ljava/lang/Object;)V" line-rate="1.0" branch-rate="1.0">
							<lines>
								<line number="15" hits="17" branch="false"/>
								<line number="17" hits="17" branch="false"/>
								<line number="18" hits="17" branch="false"/>
								<line number="19" hits="17" branch="false"/>
							</lines>
						</method>
						<method name="hasNext" signature="()Z" line-rate="1.0" branch-rate="1.0">
							<lines>
								<line number="22" hits="156" branch="true" condition-coverage="100% (2/2)">
									<conditions>
										<condition number="0" type="jump" coverage="100%"/>
									</conditions>
								</line>
							</lines>
						</method>
						<method name="next" signature="()Ljava/lang/Object;" line-rate="1.0" branch-rate="0.5">
							<lines>
								<line number="26" hits="70" branch="true" condition-coverage="50% (1/2)">
									<conditions>
										<condition number="0" type="jump" coverage="50%"/>
									</conditions>
								</line>
								<line number="27" hits="70" branch="false"/>
							</lines>
						</method>
						<method name="reset" signature="()V" line-rate="1.0" branch-rate="1.0">
							<lines>
								<line number="31" hits="4" branch="false"/>
								<line number="32" hits="4" branch="false"/>
							</lines>
						</method>
					</methods>
					<lines>
						<line number="15" hits="17" branch="false"/>
						<line number="17" hits="17" branch="false"/>
						<line number="18" hits="17" branch="false"/>
						<line number="19" hits="17" branch="false"/>
						<line number="22" hits="156" branch="true" condition-coverage="100% (2/2)">
							<conditions>
								<condition number="0" type="jump" coverage="100%"/>
							</conditions>
						</line>
						<line number="26" hits="70" branch="true" condition-coverage="50% (1/2)">
							<conditions>
								<condition number="0" type="jump" coverage="50%"/>
							</conditions>
						</line>
						<line number="27" hits="70" branch="false"/>
						<line number="31" hits="4" branch="false"/>
						<line number="32" hits="4" branch="false"/>
					</lines>
				</class>
				<class name="ch.lambdaj.util.iterator.ResettableIteratorOnIterable" filename="ch/lambdaj/util/iterator/ResettableIteratorOnIterable.java" line-rate="1.0" branch-rate="1.0" complexity="1.0">
					<methods>
						<method name="&lt;init&gt;" signature="(Ljava/lang/Iterable;)V" line-rate="1.0" branch-rate="1.0">
							<lines>
								<line number="18" hits="68" branch="false"/>
								<line number="19" hits="68" branch="false"/>
								<line number="20" hits="68" branch="false"/>
								<line number="21" hits="68" branch="false"/>
							</lines>
						</method>
						<method name="hasNext" signature="()Z" line-rate="1.0" branch-rate="1.0">
							<lines>
								<line number="28" hits="483" branch="false"/>
							</lines>
						</method>
						<method name="next" signature="()Ljava/lang/Object;" line-rate="1.0" branch-rate="1.0">
							<lines>
								<line number="32" hits="415" branch="false"/>
							</lines>
						</method>
						<method name="reset" signature="()V" line-rate="1.0" branch-rate="1.0">
							<lines>
								<line number="24" hits="131" branch="false"/>
								<line number="25" hits="131" branch="false"/>
							</lines>
						</method>
					</methods>
					<lines>
						<line number="18" hits="68" branch="false"/>
						<line number="19" hits="68" branch="false"/>
						<line number="20" hits="68" branch="false"/>
						<line number="21" hits="68" branch="false"/>
						<line number="24" hits="131" branch="false"/>
						<line number="25" hits="131" branch="false"/>
						<line number="28" hits="483" branch="false"/>
						<line number="32" hits="415" branch="false"/>
					</lines>
				</class>
				<class name="ch.lambdaj.util.iterator.ResettableIteratorOnIterator" filename="ch/lambdaj/util/iterator/ResettableIteratorOnIterator.java" line-rate="1.0" branch-rate="1.0" complexity="2.5">
					<methods>
						<method name="&lt;init&gt;" signature="(Ljava/util/Iterator;)V" line-rate="1.0" branch-rate="1.0">
							<lines>
								<line number="16" hits="4" branch="false"/>
								<line number="19" hits="4" branch="false"/>
								<line number="21" hits="4" branch="false"/>
								<line number="22" hits="4" branch="false"/>
								<line number="23" hits="4" branch="false"/>
								<line number="24" hits="4" branch="false"/>
							</lines>
						</method>
						<method name="hasNext" signature="()Z" line-rate="1.0" branch-rate="1.0">
							<lines>
								<line number="33" hits="8" branch="true" condition-coverage="100% (4/4)">
									<conditions>
										<condition number="0" type="jump" coverage="100%"/>
										<condition number="1" type="jump" coverage="100%"/>
									</conditions>
								</line>
							</lines>
						</method>
						<method name="next" signature="()Ljava/lang/Object;" line-rate="1.0" branch-rate="1.0">
							<lines>
								<line number="37" hits="14" branch="true" condition-coverage="100% (2/2)">
									<conditions>
										<condition number="0" type="jump" coverage="100%"/>
									</conditions>
								</line>
								<line number="38" hits="8" branch="true" condition-coverage="100% (2/2)">
									<conditions>
										<condition number="0" type="jump" coverage="100%"/>
									</conditions>
								</line>
								<line number="39" hits="7" branch="false"/>
								<line number="40" hits="7" branch="false"/>
								<line number="41" hits="7" branch="false"/>
								<line number="43" hits="1" branch="false"/>
							</lines>
						</method>
						<method name="reset" signature="()V" line-rate="1.0" branch-rate="1.0">
							<lines>
								<line number="27" hits="8" branch="false"/>
								<line number="28" hits="8" branch="false"/>
								<line number="29" hits="8" branch="false"/>
								<line number="30" hits="8" branch="false"/>
							</lines>
						</method>
					</methods>
					<lines>
						<line number="16" hits="4" branch="false"/>
						<line number="19" hits="4" branch="false"/>
						<line number="21" hits="4" branch="false"/>
						<line number="22" hits="4" branch="false"/>
						<line number="23" hits="4" branch="false"/>
						<line number="24" hits="4" branch="false"/>
						<line number="27" hits="8" branch="false"/>
						<line number="28" hits="8" branch="false"/>
						<line number="29" hits="8" branch="false"/>
						<line number="30" hits="8" branch="false"/>
						<line number="33" hits="8" branch="true" condition-coverage="100% (4/4)">
							<conditions>
								<condition number="0" type="jump" coverage="100%"/>
								<condition number="1" type="jump" coverage="100%"/>
							</conditions>
						</line>
						<line number="37" hits="14" branch="true" condition-coverage="100% (2/2)">
							<conditions>
								<condition number="0" type="jump" coverage="100%"/>
							</conditions>
						</line>
						<line number="38" hits="8" branch="true" condition-coverage="100% (2/2)">
							<conditions>
								<condition number="0" type="jump" coverage="100%"/>
							</conditions>
						</line>
						<line number="39" hits="7" branch="false"/>
						<line number="40" hits="7" branch="false"/>
						<line number="41" hits="7" branch="false"/>
						<line number="43" hits="1" branch="false"/>
					</lines>
				</class>
			</classes>
		</package>
	</packages>
</coverage>
